Using pre-set license
Built from '2021.1/staging' branch; Version is '2021.1.17f1 (03b40fe07a36) revision 242703'; Using compiler version '192528614'; Build Type 'Release'
OS: 'Windows 10 Pro; OS build 22621.2715; Version 2009; 64bit' Language: 'ko' Physical Memory: 8059 MB
BatchMode: 1, IsHumanControllingUs: 0, StartBugReporterOnCrash: 0, Is64bit: 1, IsPro: 0

 COMMAND LINE ARGUMENTS:
D:\Unity 2021.1.17f1\Editor\Unity.exe
-adb2
-batchMode
-noUpm
-name
AssetImportWorker0
-projectPath
D:/Capstone_Project/LastMoon
-logFile
Logs/AssetImportWorker0.log
-srvPort
53618
Successfully changed project path to: D:/Capstone_Project/LastMoon
D:/Capstone_Project/LastMoon
Using Asset Import Pipeline V2.
Refreshing native plugins compatible for Editor in 101.67 ms, found 3 plugins.
Preloading 0 native plugins for Editor in 0.00 ms.
Initialize engine version: 2021.1.17f1 (03b40fe07a36)
[Subsystems] Discovering subsystems at path D:/Unity 2021.1.17f1/Editor/Data/Resources/UnitySubsystems
[Subsystems] Discovering subsystems at path D:/Capstone_Project/LastMoon/Assets
GfxDevice: creating device client; threaded=0; jobified=0
Direct3D:
    Version:  Direct3D 11.0 [level 11.1]
    Renderer: NVIDIA GeForce GTX 1660 Ti (ID=0x2191)
    Vendor:   NVIDIA
    VRAM:     5979 MB
    Driver:   31.0.15.3640
Initialize mono
Mono path[0] = 'D:/Unity 2021.1.17f1/Editor/Data/Managed'
Mono path[1] = 'D:/Unity 2021.1.17f1/Editor/Data/MonoBleedingEdge/lib/mono/unityjit'
Mono config path = 'D:/Unity 2021.1.17f1/Editor/Data/MonoBleedingEdge/etc'
Using monoOptions --debugger-agent=transport=dt_socket,embedding=1,server=y,suspend=n,address=127.0.0.1:56360
Begin MonoManager ReloadAssembly
Registering precompiled unity dll's ...
Register platform support module: D:/Unity 2021.1.17f1/Editor/Data/PlaybackEngines/WindowsStandaloneSupport/UnityEditor.WindowsStandalone.Extensions.dll
Registered in 0.004188 seconds.
Native extension for WindowsStandalone target not found
Refreshing native plugins compatible for Editor in 72.87 ms, found 3 plugins.
Preloading 0 native plugins for Editor in 0.00 ms.
Mono: successfully reloaded assembly
- Completed reload, in  2.978 seconds
Domain Reload Profiling:
	ReloadAssembly (2978ms)
		BeginReloadAssembly (249ms)
			ExecutionOrderSort (0ms)
			DisableScriptedObjects (0ms)
			BackupInstance (0ms)
			ReleaseScriptingObjects (0ms)
			CreateAndSetChildDomain (1ms)
		EndReloadAssembly (414ms)
			LoadAssemblies (247ms)
			RebuildTransferFunctionScriptingTraits (0ms)
			SetupTypeCache (154ms)
			ReleaseScriptCaches (0ms)
			RebuildScriptCaches (27ms)
			SetupLoadedEditorAssemblies (194ms)
				LogAssemblyErrors (0ms)
				InitializePlatformSupportModulesInManaged (5ms)
				SetLoadedEditorAssemblies (0ms)
				RefreshPlugins (73ms)
				BeforeProcessingInitializeOnLoad (2ms)
				ProcessInitializeOnLoadAttributes (86ms)
				ProcessInitializeOnLoadMethodAttributes (28ms)
				AfterProcessingInitializeOnLoad (0ms)
				EditorAssembliesLoaded (0ms)
			ExecutionOrderSort2 (0ms)
			AwakeInstancesAfterBackupRestoration (0ms)
Platform modules already initialized, skipping
Registering precompiled user dll's ...
Registered in 0.028616 seconds.
Begin MonoManager ReloadAssembly
Symbol file LoadedFromMemory doesn't match image D:\Capstone_Project\LastMoon\Library\PackageCache\com.unity.visualscripting@1.6.1\Editor\VisualScripting.Core\Dependencies\YamlDotNet\Unity.VisualScripting.YamlDotNet.dll
Symbol file LoadedFromMemory doesn't match image D:\Capstone_Project\LastMoon\Library\PackageCache\com.unity.visualscripting@1.6.1\Editor\VisualScripting.Core\Dependencies\DotNetZip\Unity.VisualScripting.IonicZip.dll
Native extension for WindowsStandalone target not found
Refreshing native plugins compatible for Editor in 0.75 ms, found 3 plugins.
Preloading 0 native plugins for Editor in 0.00 ms.
Mono: successfully reloaded assembly
- Completed reload, in  1.391 seconds
Domain Reload Profiling:
	ReloadAssembly (1392ms)
		BeginReloadAssembly (198ms)
			ExecutionOrderSort (0ms)
			DisableScriptedObjects (5ms)
			BackupInstance (0ms)
			ReleaseScriptingObjects (0ms)
			CreateAndSetChildDomain (25ms)
		EndReloadAssembly (1137ms)
			LoadAssemblies (208ms)
			RebuildTransferFunctionScriptingTraits (0ms)
			SetupTypeCache (357ms)
			ReleaseScriptCaches (1ms)
			RebuildScriptCaches (51ms)
			SetupLoadedEditorAssemblies (465ms)
				LogAssemblyErrors (0ms)
				InitializePlatformSupportModulesInManaged (5ms)
				SetLoadedEditorAssemblies (0ms)
				RefreshPlugins (1ms)
				BeforeProcessingInitializeOnLoad (64ms)
				ProcessInitializeOnLoadAttributes (386ms)
				ProcessInitializeOnLoadMethodAttributes (6ms)
				AfterProcessingInitializeOnLoad (2ms)
				EditorAssembliesLoaded (0ms)
			ExecutionOrderSort2 (0ms)
			AwakeInstancesAfterBackupRestoration (7ms)
Platform modules already initialized, skipping
========================================================================
Worker process is ready to serve import requests
Launched and connected shader compiler UnityShaderCompiler.exe after 0.09 seconds
Refreshing native plugins compatible for Editor in 0.73 ms, found 3 plugins.
Preloading 0 native plugins for Editor in 0.00 ms.
Unloading 2949 Unused Serialized files (Serialized files now loaded: 0)
System memory in use before: 106.0 MB.
System memory in use after: 106.2 MB.

Unloading 22 unused Assets to reduce memory usage. Loaded Objects now: 3394.
Total: 5.436400 ms (FindLiveObjects: 0.307800 ms CreateObjectMapping: 0.204400 ms MarkObjects: 4.831900 ms  DeleteObjects: 0.090600 ms)

AssetImportParameters requested are different than current active one (requested -> active):
  custom:framework-win-MediaFoundation: 216162199b28c13a410421893ffa2e32 -> 
  custom:video-decoder-ogg-theora: a1e56fd34408186e4bbccfd4996cb3dc -> 
  custom:container-muxer-webm: aa71ff27fc2769a1b78a27578f13a17b -> 
  custom:container-demuxer-webm: 4f35f7cbe854078d1ac9338744f61a02 -> 
  custom:container-demuxer-ogg: 62fdf1f143b41e24485cea50d1cbac27 -> 
  custom:video-encoder-webm-vp8: eb34c28f22e8b96e1ab97ce403110664 -> 
  custom:video-decoder-webm-vp8: 9c59270c3fd7afecdb556c50c9e8de78 -> 
  custom:audio-decoder-ogg-vorbis: bf7c407c2cedff20999df2af8eb42d56 -> 
  custom:audio-encoder-webm-vorbis: bf7c407c2cedff20999df2af8eb42d56 -> 
========================================================================
Received Import Request.
  path: Assets/water.shader
  artifactKey: Guid(e0f5281e4e9d17c4aa6533e2c54e8cb6) Importer(815301076,1909f56bfc062723c751e8b465ee728b)
Start importing Assets/water.shader using Guid(e0f5281e4e9d17c4aa6533e2c54e8cb6) Importer(815301076,1909f56bfc062723c751e8b465ee728b)  -> (artifact id: 'd963529e016fe4e326e84069b74f2d80') in 0.090018 seconds 
========================================================================
Received Import Request.
  Time since last request: 137.237315 seconds.
  path: Assets/water.shader
  artifactKey: Guid(e0f5281e4e9d17c4aa6533e2c54e8cb6) Importer(815301076,1909f56bfc062723c751e8b465ee728b)
Start importing Assets/water.shader using Guid(e0f5281e4e9d17c4aa6533e2c54e8cb6) Importer(815301076,1909f56bfc062723c751e8b465ee728b)  -> (artifact id: '1783b37b22c3db6e94bbfccd37d3a6f6') in 0.006837 seconds 
========================================================================
Received Import Request.
  Time since last request: 303.392789 seconds.
  path: Assets/water.shader
  artifactKey: Guid(e0f5281e4e9d17c4aa6533e2c54e8cb6) Importer(815301076,1909f56bfc062723c751e8b465ee728b)
Start importing Assets/water.shader using Guid(e0f5281e4e9d17c4aa6533e2c54e8cb6) Importer(815301076,1909f56bfc062723c751e8b465ee728b)  -> (artifact id: '3bad278d0e6a5c06c2b41ac5248f3311') in 0.011136 seconds 
========================================================================
Received Import Request.
  Time since last request: 102.721571 seconds.
  path: Assets/water.shader
  artifactKey: Guid(e0f5281e4e9d17c4aa6533e2c54e8cb6) Importer(815301076,1909f56bfc062723c751e8b465ee728b)
Start importing Assets/water.shader using Guid(e0f5281e4e9d17c4aa6533e2c54e8cb6) Importer(815301076,1909f56bfc062723c751e8b465ee728b)  -> (artifact id: 'a5e5e4dd8dd8bafce27ae6bbe8c22362') in 0.012266 seconds 
========================================================================
Received Import Request.
  Time since last request: 124.503308 seconds.
  path: Assets/water.shader
  artifactKey: Guid(e0f5281e4e9d17c4aa6533e2c54e8cb6) Importer(815301076,1909f56bfc062723c751e8b465ee728b)
Start importing Assets/water.shader using Guid(e0f5281e4e9d17c4aa6533e2c54e8cb6) Importer(815301076,1909f56bfc062723c751e8b465ee728b)  -> (artifact id: 'ddb127b58c7cde9a5f0bb9e1d7859347') in 0.012341 seconds 
AssetImportWorkerClient::OnTransportError - code=2 error=End of file
